<?xml version="1.0" encoding="UTF-8"?>
<!-- Generated by org.testng.reporters.JUnitReportReporter -->
<testsuite hostname="LTIN223414" failures="0" tests="5" name="com.InterestAmount.Testcases.CarLoanTestCases" time="40.588" errors="0" timestamp="2022-01-20T11:40:20 IST" skipped="0">
  <testcase classname="com.InterestAmount.Testcases.CarLoanTestCases" name="openBrowsertestCase" time="35.738"/>
  <system-out/>
  <testcase classname="com.InterestAmount.Testcases.CarLoanTestCases" name="carEMIFormtestCase" time="1.036"/>
  <system-out/>
  <testcase classname="com.InterestAmount.Testcases.CarLoanTestCases" name="getdatatestcase" time="1.463"/>
  <system-out/>
  <testcase classname="com.InterestAmount.Testcases.CarLoanTestCases" name="closetestcase" time="2.286"/>
  <system-out/>
  <testcase classname="com.InterestAmount.Testcases.CarLoanTestCases" name="endReportestcase" time="0.065"/>
  <system-out/>
</testsuite> <!-- com.InterestAmount.Testcases.CarLoanTestCases -->
