<?xml version="1.0" encoding="UTF-8"?>
<!-- Generated by org.testng.reporters.JUnitReportReporter -->
<testsuite hostname="LTIN223414" failures="0" tests="16" name="com.InterestAmount.Testcases.LoanTenureCalculatorUICheckTestCases" time="74.729" errors="0" timestamp="2022-01-20T11:40:20 IST" skipped="0">
  <testcase classname="com.InterestAmount.Testcases.LoanTenureCalculatorUICheckTestCases" name="openBrowsertestCase" time="46.716"/>
  <system-out/>
  <testcase classname="com.InterestAmount.Testcases.LoanTenureCalculatorUICheckTestCases" name="testloanTenurenavigate" time="19.991"/>
  <system-out/>
  <testcase classname="com.InterestAmount.Testcases.LoanTenureCalculatorUICheckTestCases" name="testloanAmountslidercheck" time="0.466"/>
  <system-out/>
  <testcase classname="com.InterestAmount.Testcases.LoanTenureCalculatorUICheckTestCases" name="testinterestRatetextbox" time="0.079"/>
  <system-out/>
  <testcase classname="com.InterestAmount.Testcases.LoanTenureCalculatorUICheckTestCases" name="testloanAmountslider" time="0.083"/>
  <system-out/>
  <testcase classname="com.InterestAmount.Testcases.LoanTenureCalculatorUICheckTestCases" name="testEMItextbox" time="0.182"/>
  <system-out/>
  <testcase classname="com.InterestAmount.Testcases.LoanTenureCalculatorUICheckTestCases" name="testloantermslider" time="0.156"/>
  <system-out/>
  <testcase classname="com.InterestAmount.Testcases.LoanTenureCalculatorUICheckTestCases" name="testemislidercheck" time="0.522"/>
  <system-out/>
  <testcase classname="com.InterestAmount.Testcases.LoanTenureCalculatorUICheckTestCases" name="testfeeslidercheck" time="0.661"/>
  <system-out/>
  <testcase classname="com.InterestAmount.Testcases.LoanTenureCalculatorUICheckTestCases" name="testfeechargesslider" time="0.175"/>
  <system-out/>
  <testcase classname="com.InterestAmount.Testcases.LoanTenureCalculatorUICheckTestCases" name="testfeechargestextbox" time="0.132"/>
  <system-out/>
  <testcase classname="com.InterestAmount.Testcases.LoanTenureCalculatorUICheckTestCases" name="testloantermslidercheck" time="0.907"/>
  <system-out/>
  <testcase classname="com.InterestAmount.Testcases.LoanTenureCalculatorUICheckTestCases" name="testemislider" time="0.110"/>
  <system-out/>
  <testcase classname="com.InterestAmount.Testcases.LoanTenureCalculatorUICheckTestCases" name="testloanAmounttextbox" time="0.874"/>
  <system-out/>
  <testcase classname="com.InterestAmount.Testcases.LoanTenureCalculatorUICheckTestCases" name="testclose" time="3.608"/>
  <system-out/>
  <testcase classname="com.InterestAmount.Testcases.LoanTenureCalculatorUICheckTestCases" name="testendReport" time="0.067"/>
  <system-out/>
</testsuite> <!-- com.InterestAmount.Testcases.LoanTenureCalculatorUICheckTestCases -->
