<?xml version="1.0" encoding="UTF-8"?>
<!-- Generated by org.testng.reporters.JUnitReportReporter -->
<testsuite hostname="LTIN223414" failures="0" tests="5" name="com.InterestAmount.Testcases.HomeLoanCalculatorTestCases" time="60.778" errors="0" timestamp="2022-01-20T11:40:20 IST" skipped="0">
  <testcase classname="com.InterestAmount.Testcases.HomeLoanCalculatorTestCases" name="testopenBrowser" time="41.081"/>
  <system-out/>
  <testcase classname="com.InterestAmount.Testcases.HomeLoanCalculatorTestCases" name="testdataexport" time="4.974"/>
  <system-out/>
  <testcase classname="com.InterestAmount.Testcases.HomeLoanCalculatorTestCases" name="testHomeEmi" time="11.044"/>
  <system-out/>
  <testcase classname="com.InterestAmount.Testcases.HomeLoanCalculatorTestCases" name="close" time="3.606"/>
  <system-out/>
  <testcase classname="com.InterestAmount.Testcases.HomeLoanCalculatorTestCases" name="endReport" time="0.073"/>
  <system-out/>
</testsuite> <!-- com.InterestAmount.Testcases.HomeLoanCalculatorTestCases -->
